2024-03-05 13:23:11 0 [Note] Starting MariaDB 10.4.32-MariaDB source revision c4143f909528e3fab0677a28631d10389354c491 as process 5484
2024-03-05 13:23:11 0 [Note] InnoDB: Mutexes and rw_locks use Windows interlocked functions
2024-03-05 13:23:11 0 [Note] InnoDB: Uses event mutexes
2024-03-05 13:23:11 0 [Note] InnoDB: Compressed tables use zlib 1.3
2024-03-05 13:23:11 0 [Note] InnoDB: Number of pools: 1
2024-03-05 13:23:11 0 [Note] InnoDB: Using SSE2 crc32 instructions
2024-03-05 13:23:11 0 [Note] InnoDB: Initializing buffer pool, total size = 16M, instances = 1, chunk size = 16M
2024-03-05 13:23:11 0 [Note] InnoDB: Completed initialization of buffer pool
2024-03-05 13:23:11 0 [Note] InnoDB: Starting crash recovery from checkpoint LSN=300288
2024-03-05 13:23:11 0 [Note] InnoDB: 128 out of 128 rollback segments are active.
2024-03-05 13:23:11 0 [Note] InnoDB: Removed temporary tablespace data file: "ibtmp1"
2024-03-05 13:23:11 0 [Note] InnoDB: Creating shared tablespace for temporary tables
2024-03-05 13:23:11 0 [Note] InnoDB: Setting file 'C:\Users\jpvit\laravellisamppi\xampp\mysql\data\ibtmp1' size to 12 MB. Physically writing the file full; Please wait ...
2024-03-05 13:23:11 0 [Note] InnoDB: File 'C:\Users\jpvit\laravellisamppi\xampp\mysql\data\ibtmp1' size is now 12 MB.
2024-03-05 13:23:11 0 [Note] InnoDB: Waiting for purge to start
2024-03-05 13:23:11 0 [Note] InnoDB: 10.4.32 started; log sequence number 300297; transaction id 170
2024-03-05 13:23:11 0 [Note] InnoDB: Loading buffer pool(s) from C:\Users\jpvit\laravellisamppi\xampp\mysql\data\ib_buffer_pool
2024-03-05 13:23:11 0 [Note] Plugin 'FEEDBACK' is disabled.
2024-03-05 13:23:11 0 [Note] InnoDB: Buffer pool(s) load completed at 240305 13:23:11
2024-03-05 13:23:11 0 [Note] Server socket created on IP: '::'.
2024-03-12 12:30:57 0 [Note] Starting MariaDB 10.4.32-MariaDB source revision c4143f909528e3fab0677a28631d10389354c491 as process 2204
2024-03-12 12:30:57 0 [Note] InnoDB: Mutexes and rw_locks use Windows interlocked functions
2024-03-12 12:30:57 0 [Note] InnoDB: Uses event mutexes
2024-03-12 12:30:57 0 [Note] InnoDB: Compressed tables use zlib 1.3
2024-03-12 12:30:57 0 [Note] InnoDB: Number of pools: 1
2024-03-12 12:30:57 0 [Note] InnoDB: Using SSE2 crc32 instructions
2024-03-12 12:30:57 0 [Note] InnoDB: Initializing buffer pool, total size = 16M, instances = 1, chunk size = 16M
2024-03-12 12:30:57 0 [Note] InnoDB: Completed initialization of buffer pool
2024-03-12 12:30:57 0 [Note] InnoDB: Starting crash recovery from checkpoint LSN=364239
2024-03-12 12:30:57 0 [Note] InnoDB: 128 out of 128 rollback segments are active.
2024-03-12 12:30:57 0 [Note] InnoDB: Removed temporary tablespace data file: "ibtmp1"
2024-03-12 12:30:57 0 [Note] InnoDB: Creating shared tablespace for temporary tables
2024-03-12 12:30:57 0 [Note] InnoDB: Setting file 'C:\Users\jpvit\laravellisamppi\xampp\mysql\data\ibtmp1' size to 12 MB. Physically writing the file full; Please wait ...
2024-03-12 12:30:57 0 [Note] InnoDB: File 'C:\Users\jpvit\laravellisamppi\xampp\mysql\data\ibtmp1' size is now 12 MB.
2024-03-12 12:30:57 0 [Note] InnoDB: Waiting for purge to start
2024-03-12 12:30:57 0 [Note] InnoDB: 10.4.32 started; log sequence number 364248; transaction id 292
2024-03-12 12:30:57 0 [Note] InnoDB: Loading buffer pool(s) from C:\Users\jpvit\laravellisamppi\xampp\mysql\data\ib_buffer_pool
2024-03-12 12:30:57 0 [Note] Plugin 'FEEDBACK' is disabled.
2024-03-12 12:30:57 0 [Note] InnoDB: Buffer pool(s) load completed at 240312 12:30:57
2024-03-12 12:30:57 0 [Note] Server socket created on IP: '::'.
2024-03-15 11:57:44 0 [Note] Starting MariaDB 10.4.32-MariaDB source revision c4143f909528e3fab0677a28631d10389354c491 as process 12904
2024-03-15 11:57:44 0 [Note] InnoDB: Mutexes and rw_locks use Windows interlocked functions
2024-03-15 11:57:44 0 [Note] InnoDB: Uses event mutexes
2024-03-15 11:57:44 0 [Note] InnoDB: Compressed tables use zlib 1.3
2024-03-15 11:57:44 0 [Note] InnoDB: Number of pools: 1
2024-03-15 11:57:44 0 [Note] InnoDB: Using SSE2 crc32 instructions
2024-03-15 11:57:44 0 [Note] InnoDB: Initializing buffer pool, total size = 16M, instances = 1, chunk size = 16M
2024-03-15 11:57:44 0 [Note] InnoDB: Completed initialization of buffer pool
2024-03-15 11:57:44 0 [Note] InnoDB: Starting crash recovery from checkpoint LSN=368352
2024-03-15 11:57:45 0 [Note] InnoDB: 128 out of 128 rollback segments are active.
2024-03-15 11:57:45 0 [Note] InnoDB: Removed temporary tablespace data file: "ibtmp1"
2024-03-15 11:57:45 0 [Note] InnoDB: Creating shared tablespace for temporary tables
2024-03-15 11:57:45 0 [Note] InnoDB: Setting file 'C:\Users\jpvit\laravellisamppi\xampp\mysql\data\ibtmp1' size to 12 MB. Physically writing the file full; Please wait ...
2024-03-15 11:57:45 0 [Note] InnoDB: File 'C:\Users\jpvit\laravellisamppi\xampp\mysql\data\ibtmp1' size is now 12 MB.
2024-03-15 11:57:45 0 [Note] InnoDB: Waiting for purge to start
2024-03-15 11:57:45 0 [Note] InnoDB: 10.4.32 started; log sequence number 368361; transaction id 328
2024-03-15 11:57:45 0 [Note] InnoDB: Loading buffer pool(s) from C:\Users\jpvit\laravellisamppi\xampp\mysql\data\ib_buffer_pool
2024-03-15 11:57:45 0 [Note] Plugin 'FEEDBACK' is disabled.
2024-03-15 11:57:45 0 [Note] InnoDB: Buffer pool(s) load completed at 240315 11:57:45
2024-03-15 11:57:45 0 [Note] Server socket created on IP: '::'.
2024-03-18 13:56:10 0 [Note] Starting MariaDB 10.4.32-MariaDB source revision c4143f909528e3fab0677a28631d10389354c491 as process 5800
2024-03-18 13:56:10 0 [Note] InnoDB: Mutexes and rw_locks use Windows interlocked functions
2024-03-18 13:56:10 0 [Note] InnoDB: Uses event mutexes
2024-03-18 13:56:10 0 [Note] InnoDB: Compressed tables use zlib 1.3
2024-03-18 13:56:10 0 [Note] InnoDB: Number of pools: 1
2024-03-18 13:56:10 0 [Note] InnoDB: Using SSE2 crc32 instructions
2024-03-18 13:56:10 0 [Note] InnoDB: Initializing buffer pool, total size = 16M, instances = 1, chunk size = 16M
2024-03-18 13:56:10 0 [Note] InnoDB: Completed initialization of buffer pool
2024-03-18 13:56:10 0 [Note] InnoDB: Starting crash recovery from checkpoint LSN=388924
2024-03-18 13:56:11 0 [Note] InnoDB: 128 out of 128 rollback segments are active.
2024-03-18 13:56:11 0 [Note] InnoDB: Removed temporary tablespace data file: "ibtmp1"
2024-03-18 13:56:11 0 [Note] InnoDB: Creating shared tablespace for temporary tables
2024-03-18 13:56:11 0 [Note] InnoDB: Setting file 'C:\Users\jpvit\laravellisamppi\xampp\mysql\data\ibtmp1' size to 12 MB. Physically writing the file full; Please wait ...
2024-03-18 13:56:11 0 [Note] InnoDB: File 'C:\Users\jpvit\laravellisamppi\xampp\mysql\data\ibtmp1' size is now 12 MB.
2024-03-18 13:56:11 0 [Note] InnoDB: Waiting for purge to start
2024-03-18 13:56:11 0 [Note] InnoDB: 10.4.32 started; log sequence number 388933; transaction id 390
2024-03-18 13:56:11 0 [Note] InnoDB: Loading buffer pool(s) from C:\Users\jpvit\laravellisamppi\xampp\mysql\data\ib_buffer_pool
2024-03-18 13:56:11 0 [Note] Plugin 'FEEDBACK' is disabled.
2024-03-18 13:56:11 0 [Note] InnoDB: Buffer pool(s) load completed at 240318 13:56:11
2024-03-18 13:56:11 0 [Note] Server socket created on IP: '::'.
2024-03-19 10:23:01 0 [Note] Starting MariaDB 10.4.32-MariaDB source revision c4143f909528e3fab0677a28631d10389354c491 as process 13288
2024-03-19 10:23:01 0 [Note] InnoDB: Mutexes and rw_locks use Windows interlocked functions
2024-03-19 10:23:01 0 [Note] InnoDB: Uses event mutexes
2024-03-19 10:23:01 0 [Note] InnoDB: Compressed tables use zlib 1.3
2024-03-19 10:23:01 0 [Note] InnoDB: Number of pools: 1
2024-03-19 10:23:01 0 [Note] InnoDB: Using SSE2 crc32 instructions
2024-03-19 10:23:01 0 [Note] InnoDB: Initializing buffer pool, total size = 16M, instances = 1, chunk size = 16M
2024-03-19 10:23:01 0 [Note] InnoDB: Completed initialization of buffer pool
2024-03-19 10:23:01 0 [Note] InnoDB: Starting crash recovery from checkpoint LSN=396490
2024-03-19 10:23:01 0 [Note] InnoDB: 128 out of 128 rollback segments are active.
2024-03-19 10:23:01 0 [Note] InnoDB: Removed temporary tablespace data file: "ibtmp1"
2024-03-19 10:23:01 0 [Note] InnoDB: Creating shared tablespace for temporary tables
2024-03-19 10:23:01 0 [Note] InnoDB: Setting file 'C:\Users\jpvit\laravellisamppi\xampp\mysql\data\ibtmp1' size to 12 MB. Physically writing the file full; Please wait ...
2024-03-19 10:23:01 0 [Note] InnoDB: File 'C:\Users\jpvit\laravellisamppi\xampp\mysql\data\ibtmp1' size is now 12 MB.
2024-03-19 10:23:01 0 [Note] InnoDB: Waiting for purge to start
2024-03-19 10:23:01 0 [Note] InnoDB: 10.4.32 started; log sequence number 396499; transaction id 402
2024-03-19 10:23:01 0 [Note] InnoDB: Loading buffer pool(s) from C:\Users\jpvit\laravellisamppi\xampp\mysql\data\ib_buffer_pool
2024-03-19 10:23:01 0 [Note] Plugin 'FEEDBACK' is disabled.
2024-03-19 10:23:01 0 [Note] InnoDB: Buffer pool(s) load completed at 240319 10:23:01
2024-03-19 10:23:01 0 [Note] Server socket created on IP: '::'.
2024-03-19 12:07:10 0 [Note] Starting MariaDB 10.4.32-MariaDB source revision c4143f909528e3fab0677a28631d10389354c491 as process 10260
2024-03-19 12:07:10 0 [Note] InnoDB: Mutexes and rw_locks use Windows interlocked functions
2024-03-19 12:07:10 0 [Note] InnoDB: Uses event mutexes
2024-03-19 12:07:10 0 [Note] InnoDB: Compressed tables use zlib 1.3
2024-03-19 12:07:10 0 [Note] InnoDB: Number of pools: 1
2024-03-19 12:07:10 0 [Note] InnoDB: Using SSE2 crc32 instructions
2024-03-19 12:07:10 0 [Note] InnoDB: Initializing buffer pool, total size = 16M, instances = 1, chunk size = 16M
2024-03-19 12:07:10 0 [Note] InnoDB: Completed initialization of buffer pool
2024-03-19 12:07:10 0 [Note] InnoDB: Starting crash recovery from checkpoint LSN=409153
2024-03-19 12:07:10 0 [Note] InnoDB: 128 out of 128 rollback segments are active.
2024-03-19 12:07:10 0 [Note] InnoDB: Removed temporary tablespace data file: "ibtmp1"
2024-03-19 12:07:10 0 [Note] InnoDB: Creating shared tablespace for temporary tables
2024-03-19 12:07:10 0 [Note] InnoDB: Setting file 'C:\Users\Nico Kojo\Documents\GitHub\DynaaminenProkkis\xampp\mysql\data\ibtmp1' size to 12 MB. Physically writing the file full; Please wait ...
2024-03-19 12:07:10 0 [Note] InnoDB: File 'C:\Users\Nico Kojo\Documents\GitHub\DynaaminenProkkis\xampp\mysql\data\ibtmp1' size is now 12 MB.
2024-03-19 12:07:10 0 [Note] InnoDB: Waiting for purge to start
2024-03-19 12:07:10 0 [Note] InnoDB: 10.4.32 started; log sequence number 409162; transaction id 469
2024-03-19 12:07:10 0 [Note] InnoDB: Loading buffer pool(s) from C:\Users\Nico Kojo\Documents\GitHub\DynaaminenProkkis\xampp\mysql\data\ib_buffer_pool
2024-03-19 12:07:10 0 [Note] Plugin 'FEEDBACK' is disabled.
2024-03-19 12:07:10 0 [Note] InnoDB: Buffer pool(s) load completed at 240319 12:07:10
2024-03-19 12:07:10 0 [Note] Server socket created on IP: '::'.
2024-03-19 12:24:16 0 [Note] Starting MariaDB 10.4.32-MariaDB source revision c4143f909528e3fab0677a28631d10389354c491 as process 11212
2024-03-19 12:24:16 0 [Note] InnoDB: Mutexes and rw_locks use Windows interlocked functions
2024-03-19 12:24:16 0 [Note] InnoDB: Uses event mutexes
2024-03-19 12:24:16 0 [Note] InnoDB: Compressed tables use zlib 1.3
2024-03-19 12:24:16 0 [Note] InnoDB: Number of pools: 1
2024-03-19 12:24:16 0 [Note] InnoDB: Using SSE2 crc32 instructions
2024-03-19 12:24:16 0 [Note] InnoDB: Initializing buffer pool, total size = 16M, instances = 1, chunk size = 16M
2024-03-19 12:24:16 0 [Note] InnoDB: Completed initialization of buffer pool
2024-03-19 12:24:16 0 [Note] InnoDB: Starting crash recovery from checkpoint LSN=409629
2024-03-19 12:24:16 0 [Note] InnoDB: 128 out of 128 rollback segments are active.
2024-03-19 12:24:16 0 [Note] InnoDB: Removed temporary tablespace data file: "ibtmp1"
2024-03-19 12:24:16 0 [Note] InnoDB: Creating shared tablespace for temporary tables
2024-03-19 12:24:16 0 [Note] InnoDB: Setting file 'C:\Users\Nico Kojo\Documents\GitHub\DynaaminenProkkis\xampp\mysql\data\ibtmp1' size to 12 MB. Physically writing the file full; Please wait ...
2024-03-19 12:24:16 0 [Note] InnoDB: File 'C:\Users\Nico Kojo\Documents\GitHub\DynaaminenProkkis\xampp\mysql\data\ibtmp1' size is now 12 MB.
2024-03-19 12:24:16 0 [Note] InnoDB: Waiting for purge to start
2024-03-19 12:24:16 0 [Note] InnoDB: 10.4.32 started; log sequence number 409638; transaction id 492
2024-03-19 12:24:16 0 [Note] InnoDB: Loading buffer pool(s) from C:\Users\Nico Kojo\Documents\GitHub\DynaaminenProkkis\xampp\mysql\data\ib_buffer_pool
2024-03-19 12:24:16 0 [Note] Plugin 'FEEDBACK' is disabled.
2024-03-19 12:24:16 0 [Note] Server socket created on IP: '::'.
