[Tue Mar 05 13:23:10.390411 2024] [ssl:warn] [pid 10728:tid 444] AH01909: www.example.com:443:0 server certificate does NOT include an ID which matches the server name
[Tue Mar 05 13:23:10.453231 2024] [ssl:warn] [pid 10728:tid 444] AH01909: www.example.com:443:0 server certificate does NOT include an ID which matches the server name
[Tue Mar 05 13:23:10.508235 2024] [mpm_winnt:notice] [pid 10728:tid 444] AH00455: Apache/2.4.58 (Win64) OpenSSL/3.1.3 PHP/8.2.12 configured -- resuming normal operations
[Tue Mar 05 13:23:10.508235 2024] [mpm_winnt:notice] [pid 10728:tid 444] AH00456: Apache Lounge VS17 Server built: Oct 18 2023 13:03:18
[Tue Mar 05 13:23:10.508235 2024] [core:notice] [pid 10728:tid 444] AH00094: Command line: 'c:\\users\\jpvit\\laravellisamppi\\xampp\\apache\\bin\\httpd.exe -d C:/Users/jpvit/laravellisamppi/xampp/apache'
[Tue Mar 05 13:23:10.513023 2024] [mpm_winnt:notice] [pid 10728:tid 444] AH00418: Parent: Created child process 3416
[Tue Mar 05 13:23:10.987058 2024] [ssl:warn] [pid 3416:tid 428] AH01909: www.example.com:443:0 server certificate does NOT include an ID which matches the server name
[Tue Mar 05 13:23:11.049066 2024] [ssl:warn] [pid 3416:tid 428] AH01909: www.example.com:443:0 server certificate does NOT include an ID which matches the server name
[Tue Mar 05 13:23:11.103070 2024] [mpm_winnt:notice] [pid 3416:tid 428] AH00354: Child: Starting 150 worker threads.
[Tue Mar 12 12:30:55.686488 2024] [ssl:warn] [pid 4704:tid 424] AH01909: www.example.com:443:0 server certificate does NOT include an ID which matches the server name
[Tue Mar 12 12:30:55.754297 2024] [core:warn] [pid 4704:tid 424] AH00098: pid file C:/Users/jpvit/laravellisamppi/xampp/apache/logs/httpd.pid overwritten -- Unclean shutdown of previous Apache run?
[Tue Mar 12 12:30:55.759300 2024] [ssl:warn] [pid 4704:tid 424] AH01909: www.example.com:443:0 server certificate does NOT include an ID which matches the server name
[Tue Mar 12 12:30:55.900051 2024] [mpm_winnt:notice] [pid 4704:tid 424] AH00455: Apache/2.4.58 (Win64) OpenSSL/3.1.3 PHP/8.2.12 configured -- resuming normal operations
[Tue Mar 12 12:30:55.900051 2024] [mpm_winnt:notice] [pid 4704:tid 424] AH00456: Apache Lounge VS17 Server built: Oct 18 2023 13:03:18
[Tue Mar 12 12:30:55.900051 2024] [core:notice] [pid 4704:tid 424] AH00094: Command line: 'c:\\users\\jpvit\\laravellisamppi\\xampp\\apache\\bin\\httpd.exe -d C:/Users/jpvit/laravellisamppi/xampp/apache'
[Tue Mar 12 12:30:55.905053 2024] [mpm_winnt:notice] [pid 4704:tid 424] AH00418: Parent: Created child process 6804
[Tue Mar 12 12:30:56.460883 2024] [ssl:warn] [pid 6804:tid 440] AH01909: www.example.com:443:0 server certificate does NOT include an ID which matches the server name
[Tue Mar 12 12:30:56.534976 2024] [ssl:warn] [pid 6804:tid 440] AH01909: www.example.com:443:0 server certificate does NOT include an ID which matches the server name
[Tue Mar 12 12:30:56.595979 2024] [mpm_winnt:notice] [pid 6804:tid 440] AH00354: Child: Starting 150 worker threads.
[Fri Mar 15 11:57:44.582152 2024] [ssl:warn] [pid 16004:tid 436] AH01909: www.example.com:443:0 server certificate does NOT include an ID which matches the server name
[Fri Mar 15 11:57:44.651351 2024] [core:warn] [pid 16004:tid 436] AH00098: pid file C:/Users/jpvit/laravellisamppi/xampp/apache/logs/httpd.pid overwritten -- Unclean shutdown of previous Apache run?
[Fri Mar 15 11:57:44.655351 2024] [ssl:warn] [pid 16004:tid 436] AH01909: www.example.com:443:0 server certificate does NOT include an ID which matches the server name
[Fri Mar 15 11:57:44.778798 2024] [mpm_winnt:notice] [pid 16004:tid 436] AH00455: Apache/2.4.58 (Win64) OpenSSL/3.1.3 PHP/8.2.12 configured -- resuming normal operations
[Fri Mar 15 11:57:44.778798 2024] [mpm_winnt:notice] [pid 16004:tid 436] AH00456: Apache Lounge VS17 Server built: Oct 18 2023 13:03:18
[Fri Mar 15 11:57:44.778798 2024] [core:notice] [pid 16004:tid 436] AH00094: Command line: 'c:\\users\\jpvit\\laravellisamppi\\xampp\\apache\\bin\\httpd.exe -d C:/Users/jpvit/laravellisamppi/xampp/apache'
[Fri Mar 15 11:57:44.783798 2024] [mpm_winnt:notice] [pid 16004:tid 436] AH00418: Parent: Created child process 13188
[Fri Mar 15 11:57:45.403763 2024] [ssl:warn] [pid 13188:tid 460] AH01909: www.example.com:443:0 server certificate does NOT include an ID which matches the server name
[Fri Mar 15 11:57:45.465701 2024] [ssl:warn] [pid 13188:tid 460] AH01909: www.example.com:443:0 server certificate does NOT include an ID which matches the server name
[Fri Mar 15 11:57:45.525986 2024] [mpm_winnt:notice] [pid 13188:tid 460] AH00354: Child: Starting 150 worker threads.
[Mon Mar 18 13:56:10.989760 2024] [ssl:warn] [pid 13844:tid 432] AH01909: www.example.com:443:0 server certificate does NOT include an ID which matches the server name
[Mon Mar 18 13:56:11.104139 2024] [core:warn] [pid 13844:tid 432] AH00098: pid file C:/Users/jpvit/laravellisamppi/xampp/apache/logs/httpd.pid overwritten -- Unclean shutdown of previous Apache run?
[Mon Mar 18 13:56:11.109913 2024] [ssl:warn] [pid 13844:tid 432] AH01909: www.example.com:443:0 server certificate does NOT include an ID which matches the server name
[Mon Mar 18 13:56:11.311608 2024] [mpm_winnt:notice] [pid 13844:tid 432] AH00455: Apache/2.4.58 (Win64) OpenSSL/3.1.3 PHP/8.2.12 configured -- resuming normal operations
[Mon Mar 18 13:56:11.311608 2024] [mpm_winnt:notice] [pid 13844:tid 432] AH00456: Apache Lounge VS17 Server built: Oct 18 2023 13:03:18
[Mon Mar 18 13:56:11.311608 2024] [core:notice] [pid 13844:tid 432] AH00094: Command line: 'c:\\users\\jpvit\\laravellisamppi\\xampp\\apache\\bin\\httpd.exe -d C:/Users/jpvit/laravellisamppi/xampp/apache'
[Mon Mar 18 13:56:11.318611 2024] [mpm_winnt:notice] [pid 13844:tid 432] AH00418: Parent: Created child process 7056
[Mon Mar 18 13:56:12.115696 2024] [ssl:warn] [pid 7056:tid 452] AH01909: www.example.com:443:0 server certificate does NOT include an ID which matches the server name
[Mon Mar 18 13:56:12.226090 2024] [ssl:warn] [pid 7056:tid 452] AH01909: www.example.com:443:0 server certificate does NOT include an ID which matches the server name
[Mon Mar 18 13:56:12.317110 2024] [mpm_winnt:notice] [pid 7056:tid 452] AH00354: Child: Starting 150 worker threads.
[Tue Mar 19 10:23:00.121461 2024] [ssl:warn] [pid 9472:tid 444] AH01909: www.example.com:443:0 server certificate does NOT include an ID which matches the server name
[Tue Mar 19 10:23:00.184055 2024] [core:warn] [pid 9472:tid 444] AH00098: pid file C:/Users/jpvit/laravellisamppi/xampp/apache/logs/httpd.pid overwritten -- Unclean shutdown of previous Apache run?
[Tue Mar 19 10:23:00.189056 2024] [ssl:warn] [pid 9472:tid 444] AH01909: www.example.com:443:0 server certificate does NOT include an ID which matches the server name
[Tue Mar 19 10:23:00.243060 2024] [mpm_winnt:notice] [pid 9472:tid 444] AH00455: Apache/2.4.58 (Win64) OpenSSL/3.1.3 PHP/8.2.12 configured -- resuming normal operations
[Tue Mar 19 10:23:00.243060 2024] [mpm_winnt:notice] [pid 9472:tid 444] AH00456: Apache Lounge VS17 Server built: Oct 18 2023 13:03:18
[Tue Mar 19 10:23:00.243060 2024] [core:notice] [pid 9472:tid 444] AH00094: Command line: 'c:\\users\\jpvit\\laravellisamppi\\xampp\\apache\\bin\\httpd.exe -d C:/Users/jpvit/laravellisamppi/xampp/apache'
[Tue Mar 19 10:23:00.247061 2024] [mpm_winnt:notice] [pid 9472:tid 444] AH00418: Parent: Created child process 17112
[Tue Mar 19 10:23:00.728103 2024] [ssl:warn] [pid 17112:tid 436] AH01909: www.example.com:443:0 server certificate does NOT include an ID which matches the server name
[Tue Mar 19 10:23:00.785743 2024] [ssl:warn] [pid 17112:tid 436] AH01909: www.example.com:443:0 server certificate does NOT include an ID which matches the server name
[Tue Mar 19 10:23:00.836747 2024] [mpm_winnt:notice] [pid 17112:tid 436] AH00354: Child: Starting 150 worker threads.
